<?xml version="1.0" encoding="UTF-8"?>
<!-- Generated by org.testng.reporters.JUnitXMLReporter -->
<testsuite ignored="0" hostname="LAPTOP-O10P5747" failures="0" tests="3" name="Default test" time="11.25" errors="0" timestamp="2022-02-06T19:50:57 IST">
  <testcase classname="hierarchyExample.Amazonhierarchy" name="launchapp" time="6.155"/>
  <testcase classname="hierarchyExample.Amazonhierarchy" name="testHierarchy" time="1.727"/>
  <testcase classname="hierarchyExample.Amazonhierarchy" name="closeapp" time="3.25"/>
</testsuite> <!-- Default test -->
