<?xml version="1.0" encoding="UTF-8"?>
<!-- Generated by org.testng.reporters.JUnitXMLReporter -->
<testsuite ignored="0" hostname="LAPTOP-O10P5747" failures="0" tests="3" name="EdgeTest" time="53.715" errors="0" timestamp="2022-02-03T13:34:20 IST">
  <testcase classname="newtestingfeb3.LoginExample" name="verifyLogin" time="7.993"/>
  <testcase classname="newtestingfeb3.LoginExample" name="verifyDashboard" time="0.026"/>
  <testcase classname="newtestingfeb3.LoginExample" name="verifyLogout" time="8.163"/>
</testsuite> <!-- EdgeTest -->
