<?xml version="1.0" encoding="UTF-8"?>
<!-- Generated by org.testng.reporters.JUnitXMLReporter -->
<testsuite ignored="0" hostname="LAPTOP-O10P5747" failures="0" tests="3" name="Test2" time="21.465" errors="0" timestamp="2022-02-02T16:02:26 IST">
  <testcase classname="newtesting.AmazonTest_Priority" name="verifyAppTitleBeforeSearch" time="0.018"/>
  <testcase classname="newtesting.AmazonTest_Priority" name="searchItems" time="5.938"/>
  <testcase classname="newtesting.AmazonTest_Priority" name="verifyAppTitle" time="0.047"/>
</testsuite> <!-- Test2 -->
