<?xml version="1.0" encoding="UTF-8"?>
<!-- Generated by org.testng.reporters.JUnitXMLReporter -->
<testsuite ignored="0" hostname="LAPTOP-O10P5747" failures="0" tests="3" name="Test1" time="15.51" errors="0" timestamp="2022-02-02T16:04:57 IST">
  <testcase classname="newtestingfeb2.AmazonTest_Priority" name="verifyAppTitleBeforeSearch" time="0.034"/>
  <testcase classname="newtestingfeb2.AmazonTest_Priority" name="searchItems" time="2.818"/>
  <testcase classname="newtestingfeb2.AmazonTest_Priority" name="verifyAppTitle" time="0.01"/>
</testsuite> <!-- Test1 -->
