<?xml version="1.0" encoding="UTF-8"?>
<testng-results ignored="0" total="3" passed="3" failed="0" skipped="0">
  <reporter-output>
  </reporter-output>
  <suite started-at="2022-02-06T19:50:45 IST" name="Default suite" finished-at="2022-02-06T19:50:57 IST" duration-ms="11250">
    <groups>
    </groups>
    <test started-at="2022-02-06T19:50:45 IST" name="Default test" finished-at="2022-02-06T19:50:57 IST" duration-ms="11250">
      <class name="hierarchyExample.Amazonhierarchy">
        <test-method signature="launchapp()[pri:1, instance:hierarchyExample.Amazonhierarchy@74455848]" started-at="2022-02-06T19:50:45 IST" name="launchapp" finished-at="2022-02-06T19:50:52 IST" duration-ms="6155" status="PASS">
          <reporter-output>
          </reporter-output>
        </test-method> <!-- launchapp -->
        <test-method signature="testHierarchy()[pri:2, instance:hierarchyExample.Amazonhierarchy@74455848]" started-at="2022-02-06T19:50:52 IST" name="testHierarchy" finished-at="2022-02-06T19:50:53 IST" duration-ms="1727" status="PASS">
          <reporter-output>
          </reporter-output>
        </test-method> <!-- testHierarchy -->
        <test-method signature="closeapp()[pri:3, instance:hierarchyExample.Amazonhierarchy@74455848]" started-at="2022-02-06T19:50:53 IST" name="closeapp" finished-at="2022-02-06T19:50:57 IST" duration-ms="3250" status="PASS">
          <reporter-output>
          </reporter-output>
        </test-method> <!-- closeapp -->
      </class> <!-- hierarchyExample.Amazonhierarchy -->
    </test> <!-- Default test -->
  </suite> <!-- Default suite -->
</testng-results>
